
> aviation-platform@0.1.0 dev
> next dev -p 3000

▲ Next.js 16.1.1 (Turbopack)
- Local:         http://localhost:3000
- Network:       http://192.168.0.2:3000

✓ Starting...
⚠ The "middleware" file convention is deprecated. Please use "proxy" instead. Learn more: https://nextjs.org/docs/messages/middleware-to-proxy
✓ Ready in 1160ms
Supabase Connection Failed: Using Mock Data Fallback {
  message: 'TypeError: fetch failed',
  code: '',
  details: 'TypeError: fetch failed\n' +
    '\n' +
    'Caused by: Error: getaddrinfo ENOTFOUND example.supabase.co (ENOTFOUND)\n' +
    'Error: getaddrinfo ENOTFOUND example.supabase.co\n' +
    '    at GetAddrInfoReqWrap.onlookupall [as oncomplete] (node:dns:122:26)\n' +
    '    at GetAddrInfoReqWrap.callbackTrampoline (node:internal/async_hooks:130:17)',
  hint: ''
}
 GET /dashboard 200 in 2.4s (compile: 1599ms, proxy.ts: 92ms, render: 672ms)
